<?xml version="1.0" encoding="UTF-8"?>
<testsuite name="dev.yeseong0412.authtemplate.AuthTempleteApplicationTests" tests="1" skipped="0" failures="0" errors="0" timestamp="2024-11-18T04:07:27" hostname="dgsw71ui-MacBookAir.local" time="0.263">
  <properties/>
  <testcase name="contextLoads()" classname="dev.yeseong0412.authtemplate.AuthTempleteApplicationTests" time="0.263"/>
  <system-out><![CDATA[13:07:24.749 [Test worker] INFO org.springframework.test.context.support.AnnotationConfigContextLoaderUtils -- Could not detect default configuration classes for test class [dev.yeseong0412.authtemplate.AuthTempleteApplicationTests]: AuthTempleteApplicationTests does not declare any static, non-private, non-final, nested classes annotated with @Configuration.
13:07:24.797 [Test worker] INFO org.springframework.boot.test.context.SpringBootTestContextBootstrapper -- Found @SpringBootConfiguration dev.yeseong0412.authtemplate.AuthTemplateApplication for test class dev.yeseong0412.authtemplate.AuthTempleteApplicationTests

  .   ____          _            __ _ _
 /\\ / ___'_ __ _ _(_)_ __  __ _ \ \ \ \
( ( )\___ | '_ | '_| | '_ \/ _` | \ \ \ \
 \\/  ___)| |_)| | | | | || (_| |  ) ) ) )
  '  |____| .__|_| |_|_| |_\__, | / / / /
 =========|_|==============|___/=/_/_/_/

 :: Spring Boot ::                (v3.3.1)

2024-11-18T13:07:24.942+09:00  INFO 7709 --- [    Test worker] d.y.a.AuthTempleteApplicationTests       : Starting AuthTempleteApplicationTests using Java 17.0.13 with PID 7709 (started by dgsw71 in /Users/dgsw71/Documents/GitHub/Oviraptor-Server)
2024-11-18T13:07:24.942+09:00  INFO 7709 --- [    Test worker] d.y.a.AuthTempleteApplicationTests       : No active profile set, falling back to 1 default profile: "default"
2024-11-18T13:07:25.350+09:00  INFO 7709 --- [    Test worker] .s.d.r.c.RepositoryConfigurationDelegate : Multiple Spring Data modules found, entering strict repository configuration mode
2024-11-18T13:07:25.351+09:00  INFO 7709 --- [    Test worker] .s.d.r.c.RepositoryConfigurationDelegate : Bootstrapping Spring Data JPA repositories in DEFAULT mode.
2024-11-18T13:07:25.368+09:00  INFO 7709 --- [    Test worker] .RepositoryConfigurationExtensionSupport : Spring Data JPA - Could not safely identify store assignment for repository candidate interface dev.yeseong0412.authtemplate.domain.chat.domain.repository.ChatMessageRepository; If you want this repository to be a JPA repository, consider annotating your entities with one of these annotations: jakarta.persistence.Entity, jakarta.persistence.MappedSuperclass (preferred), or consider extending one of the following types with your repository: org.springframework.data.jpa.repository.JpaRepository
2024-11-18T13:07:25.415+09:00  INFO 7709 --- [    Test worker] .s.d.r.c.RepositoryConfigurationDelegate : Finished Spring Data repository scanning in 61 ms. Found 2 JPA repository interfaces.
2024-11-18T13:07:25.428+09:00  INFO 7709 --- [    Test worker] .s.d.r.c.RepositoryConfigurationDelegate : Multiple Spring Data modules found, entering strict repository configuration mode
2024-11-18T13:07:25.429+09:00  INFO 7709 --- [    Test worker] .s.d.r.c.RepositoryConfigurationDelegate : Bootstrapping Spring Data MongoDB repositories in DEFAULT mode.
2024-11-18T13:07:25.432+09:00  INFO 7709 --- [    Test worker] .RepositoryConfigurationExtensionSupport : Spring Data MongoDB - Could not safely identify store assignment for repository candidate interface dev.yeseong0412.authtemplate.domain.chat.domain.repository.ChatRoomRepository; If you want this repository to be a MongoDB repository, consider annotating your entities with one of these annotations: org.springframework.data.mongodb.core.mapping.Document (preferred), or consider extending one of the following types with your repository: org.springframework.data.mongodb.repository.MongoRepository
2024-11-18T13:07:25.432+09:00  INFO 7709 --- [    Test worker] .RepositoryConfigurationExtensionSupport : Spring Data MongoDB - Could not safely identify store assignment for repository candidate interface dev.yeseong0412.authtemplate.domain.user.domain.repository.UserRepository; If you want this repository to be a MongoDB repository, consider annotating your entities with one of these annotations: org.springframework.data.mongodb.core.mapping.Document (preferred), or consider extending one of the following types with your repository: org.springframework.data.mongodb.repository.MongoRepository
2024-11-18T13:07:25.435+09:00  INFO 7709 --- [    Test worker] .s.d.r.c.RepositoryConfigurationDelegate : Finished Spring Data repository scanning in 6 ms. Found 1 MongoDB repository interface.
2024-11-18T13:07:25.440+09:00  INFO 7709 --- [    Test worker] .s.d.r.c.RepositoryConfigurationDelegate : Multiple Spring Data modules found, entering strict repository configuration mode
2024-11-18T13:07:25.440+09:00  INFO 7709 --- [    Test worker] .s.d.r.c.RepositoryConfigurationDelegate : Bootstrapping Spring Data Redis repositories in DEFAULT mode.
2024-11-18T13:07:25.447+09:00  INFO 7709 --- [    Test worker] .RepositoryConfigurationExtensionSupport : Spring Data Redis - Could not safely identify store assignment for repository candidate interface dev.yeseong0412.authtemplate.domain.chat.domain.repository.ChatMessageRepository; If you want this repository to be a Redis repository, consider annotating your entities with one of these annotations: org.springframework.data.redis.core.RedisHash (preferred), or consider extending one of the following types with your repository: org.springframework.data.keyvalue.repository.KeyValueRepository
2024-11-18T13:07:25.447+09:00  INFO 7709 --- [    Test worker] .RepositoryConfigurationExtensionSupport : Spring Data Redis - Could not safely identify store assignment for repository candidate interface dev.yeseong0412.authtemplate.domain.chat.domain.repository.ChatRoomRepository; If you want this repository to be a Redis repository, consider annotating your entities with one of these annotations: org.springframework.data.redis.core.RedisHash (preferred), or consider extending one of the following types with your repository: org.springframework.data.keyvalue.repository.KeyValueRepository
2024-11-18T13:07:25.447+09:00  INFO 7709 --- [    Test worker] .RepositoryConfigurationExtensionSupport : Spring Data Redis - Could not safely identify store assignment for repository candidate interface dev.yeseong0412.authtemplate.domain.user.domain.repository.UserRepository; If you want this repository to be a Redis repository, consider annotating your entities with one of these annotations: org.springframework.data.redis.core.RedisHash (preferred), or consider extending one of the following types with your repository: org.springframework.data.keyvalue.repository.KeyValueRepository
2024-11-18T13:07:25.447+09:00  INFO 7709 --- [    Test worker] .s.d.r.c.RepositoryConfigurationDelegate : Finished Spring Data repository scanning in 4 ms. Found 0 Redis repository interfaces.
2024-11-18T13:07:25.630+09:00  INFO 7709 --- [    Test worker] o.hibernate.jpa.internal.util.LogHelper  : HHH000204: Processing PersistenceUnitInfo [name: default]
2024-11-18T13:07:25.648+09:00  INFO 7709 --- [    Test worker] org.hibernate.Version                    : HHH000412: Hibernate ORM core version 6.5.2.Final
2024-11-18T13:07:25.659+09:00  INFO 7709 --- [    Test worker] o.h.c.internal.RegionFactoryInitiator    : HHH000026: Second-level cache disabled
2024-11-18T13:07:25.760+09:00  INFO 7709 --- [    Test worker] o.s.o.j.p.SpringPersistenceUnitInfo      : No LoadTimeWeaver setup: ignoring JPA class transformer
2024-11-18T13:07:25.769+09:00  INFO 7709 --- [    Test worker] com.zaxxer.hikari.HikariDataSource       : HikariPool-1 - Starting...
2024-11-18T13:07:25.891+09:00  INFO 7709 --- [    Test worker] com.zaxxer.hikari.pool.HikariPool        : HikariPool-1 - Added connection com.mysql.cj.jdbc.ConnectionImpl@6a562255
2024-11-18T13:07:25.892+09:00  INFO 7709 --- [    Test worker] com.zaxxer.hikari.HikariDataSource       : HikariPool-1 - Start completed.
2024-11-18T13:07:25.914+09:00  WARN 7709 --- [    Test worker] org.hibernate.orm.deprecation            : HHH90000025: MySQL8Dialect does not need to be specified explicitly using 'hibernate.dialect' (remove the property setting and it will be selected by default)
2024-11-18T13:07:25.915+09:00  WARN 7709 --- [    Test worker] org.hibernate.orm.deprecation            : HHH90000026: MySQL8Dialect has been deprecated; use org.hibernate.dialect.MySQLDialect instead
2024-11-18T13:07:26.217+09:00  INFO 7709 --- [    Test worker] o.h.e.t.j.p.i.JtaPlatformInitiator       : HHH000489: No JTA platform available (set 'hibernate.transaction.jta.platform' to enable JTA platform integration)
2024-11-18T13:07:26.268+09:00  INFO 7709 --- [    Test worker] j.LocalContainerEntityManagerFactoryBean : Initialized JPA EntityManagerFactory for persistence unit 'default'
2024-11-18T13:07:26.479+09:00 DEBUG 7709 --- [    Test worker] org.mongodb.driver.connection            : Connection pool created for localhost:27017 using options maxIdleTimeMS=0, minPoolSize=0, maxPoolSize=100, maxConnecting=2, waitQueueTimeoutMS=120000
2024-11-18T13:07:26.482+09:00 DEBUG 7709 --- [    Test worker] org.mongodb.driver.cluster               : Updating cluster description to  {type=UNKNOWN, servers=[{address=localhost:27017, type=UNKNOWN, state=CONNECTING}]
2024-11-18T13:07:26.489+09:00  INFO 7709 --- [    Test worker] org.mongodb.driver.client                : MongoClient with metadata {"driver": {"name": "mongo-java-driver|sync|spring-boot", "version": "5.0.1"}, "os": {"type": "Darwin", "name": "Mac OS X", "architecture": "aarch64", "version": "15.0.1"}, "platform": "Java/Amazon.com Inc./17.0.13+11-LTS"} created with settings MongoClientSettings{readPreference=primary, writeConcern=WriteConcern{w=null, wTimeout=null ms, journal=null}, retryWrites=true, retryReads=true, readConcern=ReadConcern{level=null}, credential=null, transportSettings=null, commandListeners=[], codecRegistry=ProvidersCodecRegistry{codecProviders=[ValueCodecProvider{}, BsonValueCodecProvider{}, DBRefCodecProvider{}, DBObjectCodecProvider{}, DocumentCodecProvider{}, CollectionCodecProvider{}, IterableCodecProvider{}, MapCodecProvider{}, GeoJsonCodecProvider{}, GridFSFileCodecProvider{}, Jsr310CodecProvider{}, JsonObjectCodecProvider{}, BsonCodecProvider{}, EnumCodecProvider{}, com.mongodb.client.model.mql.ExpressionCodecProvider@399ac1a3, com.mongodb.Jep395RecordCodecProvider@5d18a787, com.mongodb.KotlinCodecProvider@3c48bbf3]}, loggerSettings=LoggerSettings{maxDocumentLength=1000}, clusterSettings={hosts=[localhost:27017], srvServiceName=mongodb, mode=SINGLE, requiredClusterType=UNKNOWN, requiredReplicaSetName='null', serverSelector='null', clusterListeners='[]', serverSelectionTimeout='30000 ms', localThreshold='15 ms'}, socketSettings=SocketSettings{connectTimeoutMS=10000, readTimeoutMS=0, receiveBufferSize=0, proxySettings=ProxySettings{host=null, port=null, username=null, password=null}}, heartbeatSocketSettings=SocketSettings{connectTimeoutMS=10000, readTimeoutMS=10000, receiveBufferSize=0, proxySettings=ProxySettings{host=null, port=null, username=null, password=null}}, connectionPoolSettings=ConnectionPoolSettings{maxSize=100, minSize=0, maxWaitTimeMS=120000, maxConnectionLifeTimeMS=0, maxConnectionIdleTimeMS=0, maintenanceInitialDelayMS=0, maintenanceFrequencyMS=60000, connectionPoolListeners=[], maxConnecting=2}, serverSettings=ServerSettings{heartbeatFrequencyMS=10000, minHeartbeatFrequencyMS=500, serverListeners='[]', serverMonitorListeners='[]'}, sslSettings=SslSettings{enabled=false, invalidHostNameAllowed=false, context=null}, applicationName='null', compressorList=[], uuidRepresentation=JAVA_LEGACY, serverApi=null, autoEncryptionSettings=null, dnsClient=null, inetAddressResolver=null, contextProvider=null}
2024-11-18T13:07:26.494+09:00  INFO 7709 --- [localhost:27017] org.mongodb.driver.cluster               : Monitor thread successfully connected to server with description ServerDescription{address=localhost:27017, type=STANDALONE, state=CONNECTED, ok=true, minWireVersion=0, maxWireVersion=25, maxDocumentSize=16777216, logicalSessionTimeoutMinutes=30, roundTripTimeNanos=7971792}
2024-11-18T13:07:26.495+09:00 DEBUG 7709 --- [localhost:27017] org.mongodb.driver.connection            : Connection pool ready for localhost:27017
2024-11-18T13:07:26.496+09:00 DEBUG 7709 --- [localhost:27017] org.mongodb.driver.cluster               : Updating cluster description to  {type=STANDALONE, servers=[{address=localhost:27017, type=STANDALONE, roundTripTime=8.0 ms, state=CONNECTED}]
2024-11-18T13:07:26.496+09:00 DEBUG 7709 --- [localhost:27017] org.mongodb.driver.cluster               : Checking status of localhost:27017
2024-11-18T13:07:26.765+09:00  WARN 7709 --- [    Test worker] JpaBaseConfiguration$JpaWebConfiguration : spring.jpa.open-in-view is enabled by default. Therefore, database queries may be performed during view rendering. Explicitly configure spring.jpa.open-in-view to disable this warning
2024-11-18T13:07:26.776+09:00  INFO 7709 --- [    Test worker] r$InitializeUserDetailsManagerConfigurer : Global AuthenticationManager configured with UserDetailsService bean with name jwtUserDetailsService
2024-11-18T13:07:27.531+09:00  INFO 7709 --- [    Test worker] o.s.m.s.b.SimpleBrokerMessageHandler     : Starting...
2024-11-18T13:07:27.531+09:00  INFO 7709 --- [    Test worker] o.s.m.s.b.SimpleBrokerMessageHandler     : BrokerAvailabilityEvent[available=true, SimpleBrokerMessageHandler [org.springframework.messaging.simp.broker.DefaultSubscriptionRegistry@2ec3c213]]
2024-11-18T13:07:27.531+09:00  INFO 7709 --- [    Test worker] o.s.m.s.b.SimpleBrokerMessageHandler     : Started.
2024-11-18T13:07:27.543+09:00  INFO 7709 --- [    Test worker] d.y.a.AuthTempleteApplicationTests       : Started AuthTempleteApplicationTests in 2.695 seconds (process running for 3.113)
]]></system-out>
  <system-err><![CDATA[]]></system-err>
</testsuite>
