<?xml version="1.0" encoding="UTF-8"?>
<testsuite name="dev.yeseong0412.authtemplate.AuthTempleteApplicationTests" tests="1" skipped="0" failures="0" errors="0" timestamp="2024-11-14T12:21:16" hostname="dgsw71ui-MacBookAir.local" time="0.259">
  <properties/>
  <testcase name="contextLoads()" classname="dev.yeseong0412.authtemplate.AuthTempleteApplicationTests" time="0.259"/>
  <system-out><![CDATA[21:21:13.937 [Test worker] INFO org.springframework.test.context.support.AnnotationConfigContextLoaderUtils -- Could not detect default configuration classes for test class [dev.yeseong0412.authtemplate.AuthTempleteApplicationTests]: AuthTempleteApplicationTests does not declare any static, non-private, non-final, nested classes annotated with @Configuration.
21:21:13.981 [Test worker] INFO org.springframework.boot.test.context.SpringBootTestContextBootstrapper -- Found @SpringBootConfiguration dev.yeseong0412.authtemplate.AuthTemplateApplication for test class dev.yeseong0412.authtemplate.AuthTempleteApplicationTests

  .   ____          _            __ _ _
 /\\ / ___'_ __ _ _(_)_ __  __ _ \ \ \ \
( ( )\___ | '_ | '_| | '_ \/ _` | \ \ \ \
 \\/  ___)| |_)| | | | | || (_| |  ) ) ) )
  '  |____| .__|_| |_|_| |_\__, | / / / /
 =========|_|==============|___/=/_/_/_/

 :: Spring Boot ::                (v3.3.1)

2024-11-14T21:21:14.125+09:00  INFO 20625 --- [    Test worker] d.y.a.AuthTempleteApplicationTests       : Starting AuthTempleteApplicationTests using Java 17.0.13 with PID 20625 (started by dgsw71 in /Users/dgsw71/Documents/GitHub/Oviraptor-Server)
2024-11-14T21:21:14.125+09:00  INFO 20625 --- [    Test worker] d.y.a.AuthTempleteApplicationTests       : No active profile set, falling back to 1 default profile: "default"
2024-11-14T21:21:14.489+09:00  INFO 20625 --- [    Test worker] .s.d.r.c.RepositoryConfigurationDelegate : Multiple Spring Data modules found, entering strict repository configuration mode
2024-11-14T21:21:14.490+09:00  INFO 20625 --- [    Test worker] .s.d.r.c.RepositoryConfigurationDelegate : Bootstrapping Spring Data JPA repositories in DEFAULT mode.
2024-11-14T21:21:14.506+09:00  INFO 20625 --- [    Test worker] .RepositoryConfigurationExtensionSupport : Spring Data JPA - Could not safely identify store assignment for repository candidate interface dev.yeseong0412.authtemplate.domain.chat.domain.repository.ChatMessageRepository; If you want this repository to be a JPA repository, consider annotating your entities with one of these annotations: jakarta.persistence.Entity, jakarta.persistence.MappedSuperclass (preferred), or consider extending one of the following types with your repository: org.springframework.data.jpa.repository.JpaRepository
2024-11-14T21:21:14.517+09:00  INFO 20625 --- [    Test worker] .s.d.r.c.RepositoryConfigurationDelegate : Finished Spring Data repository scanning in 25 ms. Found 3 JPA repository interfaces.
2024-11-14T21:21:14.532+09:00  INFO 20625 --- [    Test worker] .s.d.r.c.RepositoryConfigurationDelegate : Multiple Spring Data modules found, entering strict repository configuration mode
2024-11-14T21:21:14.532+09:00  INFO 20625 --- [    Test worker] .s.d.r.c.RepositoryConfigurationDelegate : Bootstrapping Spring Data MongoDB repositories in DEFAULT mode.
2024-11-14T21:21:14.535+09:00  INFO 20625 --- [    Test worker] .RepositoryConfigurationExtensionSupport : Spring Data MongoDB - Could not safely identify store assignment for repository candidate interface dev.yeseong0412.authtemplate.domain.chat.domain.repository.ChatRoomRepository; If you want this repository to be a MongoDB repository, consider annotating your entities with one of these annotations: org.springframework.data.mongodb.core.mapping.Document (preferred), or consider extending one of the following types with your repository: org.springframework.data.mongodb.repository.MongoRepository
2024-11-14T21:21:14.536+09:00  INFO 20625 --- [    Test worker] .RepositoryConfigurationExtensionSupport : Spring Data MongoDB - Could not safely identify store assignment for repository candidate interface dev.yeseong0412.authtemplate.domain.user.domain.repository.MailRepository; If you want this repository to be a MongoDB repository, consider annotating your entities with one of these annotations: org.springframework.data.mongodb.core.mapping.Document (preferred), or consider extending one of the following types with your repository: org.springframework.data.mongodb.repository.MongoRepository
2024-11-14T21:21:14.536+09:00  INFO 20625 --- [    Test worker] .RepositoryConfigurationExtensionSupport : Spring Data MongoDB - Could not safely identify store assignment for repository candidate interface dev.yeseong0412.authtemplate.domain.user.domain.repository.UserRepository; If you want this repository to be a MongoDB repository, consider annotating your entities with one of these annotations: org.springframework.data.mongodb.core.mapping.Document (preferred), or consider extending one of the following types with your repository: org.springframework.data.mongodb.repository.MongoRepository
2024-11-14T21:21:14.538+09:00  INFO 20625 --- [    Test worker] .s.d.r.c.RepositoryConfigurationDelegate : Finished Spring Data repository scanning in 6 ms. Found 1 MongoDB repository interface.
2024-11-14T21:21:14.723+09:00  INFO 20625 --- [    Test worker] o.hibernate.jpa.internal.util.LogHelper  : HHH000204: Processing PersistenceUnitInfo [name: default]
2024-11-14T21:21:14.741+09:00  INFO 20625 --- [    Test worker] org.hibernate.Version                    : HHH000412: Hibernate ORM core version 6.5.2.Final
2024-11-14T21:21:14.756+09:00  INFO 20625 --- [    Test worker] o.h.c.internal.RegionFactoryInitiator    : HHH000026: Second-level cache disabled
2024-11-14T21:21:14.850+09:00  INFO 20625 --- [    Test worker] o.s.o.j.p.SpringPersistenceUnitInfo      : No LoadTimeWeaver setup: ignoring JPA class transformer
2024-11-14T21:21:14.859+09:00  INFO 20625 --- [    Test worker] com.zaxxer.hikari.HikariDataSource       : HikariPool-1 - Starting...
2024-11-14T21:21:14.992+09:00  INFO 20625 --- [    Test worker] com.zaxxer.hikari.pool.HikariPool        : HikariPool-1 - Added connection com.mysql.cj.jdbc.ConnectionImpl@77881b7a
2024-11-14T21:21:14.993+09:00  INFO 20625 --- [    Test worker] com.zaxxer.hikari.HikariDataSource       : HikariPool-1 - Start completed.
2024-11-14T21:21:15.014+09:00  WARN 20625 --- [    Test worker] org.hibernate.orm.deprecation            : HHH90000025: MySQL8Dialect does not need to be specified explicitly using 'hibernate.dialect' (remove the property setting and it will be selected by default)
2024-11-14T21:21:15.015+09:00  WARN 20625 --- [    Test worker] org.hibernate.orm.deprecation            : HHH90000026: MySQL8Dialect has been deprecated; use org.hibernate.dialect.MySQLDialect instead
2024-11-14T21:21:15.320+09:00  INFO 20625 --- [    Test worker] o.h.e.t.j.p.i.JtaPlatformInitiator       : HHH000489: No JTA platform available (set 'hibernate.transaction.jta.platform' to enable JTA platform integration)
2024-11-14T21:21:15.373+09:00  INFO 20625 --- [    Test worker] j.LocalContainerEntityManagerFactoryBean : Initialized JPA EntityManagerFactory for persistence unit 'default'
2024-11-14T21:21:15.581+09:00 DEBUG 20625 --- [    Test worker] org.mongodb.driver.connection            : Connection pool created for localhost:27017 using options maxIdleTimeMS=0, minPoolSize=0, maxPoolSize=100, maxConnecting=2, waitQueueTimeoutMS=120000
2024-11-14T21:21:15.584+09:00 DEBUG 20625 --- [    Test worker] org.mongodb.driver.cluster               : Updating cluster description to  {type=UNKNOWN, servers=[{address=localhost:27017, type=UNKNOWN, state=CONNECTING}]
2024-11-14T21:21:15.590+09:00  INFO 20625 --- [    Test worker] org.mongodb.driver.client                : MongoClient with metadata {"driver": {"name": "mongo-java-driver|sync|spring-boot", "version": "5.0.1"}, "os": {"type": "Darwin", "name": "Mac OS X", "architecture": "aarch64", "version": "15.0.1"}, "platform": "Java/Amazon.com Inc./17.0.13+11-LTS"} created with settings MongoClientSettings{readPreference=primary, writeConcern=WriteConcern{w=null, wTimeout=null ms, journal=null}, retryWrites=true, retryReads=true, readConcern=ReadConcern{level=null}, credential=null, transportSettings=null, commandListeners=[], codecRegistry=ProvidersCodecRegistry{codecProviders=[ValueCodecProvider{}, BsonValueCodecProvider{}, DBRefCodecProvider{}, DBObjectCodecProvider{}, DocumentCodecProvider{}, CollectionCodecProvider{}, IterableCodecProvider{}, MapCodecProvider{}, GeoJsonCodecProvider{}, GridFSFileCodecProvider{}, Jsr310CodecProvider{}, JsonObjectCodecProvider{}, BsonCodecProvider{}, EnumCodecProvider{}, com.mongodb.client.model.mql.ExpressionCodecProvider@759862a2, com.mongodb.Jep395RecordCodecProvider@543b855, com.mongodb.KotlinCodecProvider@197c3101]}, loggerSettings=LoggerSettings{maxDocumentLength=1000}, clusterSettings={hosts=[localhost:27017], srvServiceName=mongodb, mode=SINGLE, requiredClusterType=UNKNOWN, requiredReplicaSetName='null', serverSelector='null', clusterListeners='[]', serverSelectionTimeout='30000 ms', localThreshold='15 ms'}, socketSettings=SocketSettings{connectTimeoutMS=10000, readTimeoutMS=0, receiveBufferSize=0, proxySettings=ProxySettings{host=null, port=null, username=null, password=null}}, heartbeatSocketSettings=SocketSettings{connectTimeoutMS=10000, readTimeoutMS=10000, receiveBufferSize=0, proxySettings=ProxySettings{host=null, port=null, username=null, password=null}}, connectionPoolSettings=ConnectionPoolSettings{maxSize=100, minSize=0, maxWaitTimeMS=120000, maxConnectionLifeTimeMS=0, maxConnectionIdleTimeMS=0, maintenanceInitialDelayMS=0, maintenanceFrequencyMS=60000, connectionPoolListeners=[], maxConnecting=2}, serverSettings=ServerSettings{heartbeatFrequencyMS=10000, minHeartbeatFrequencyMS=500, serverListeners='[]', serverMonitorListeners='[]'}, sslSettings=SslSettings{enabled=false, invalidHostNameAllowed=false, context=null}, applicationName='null', compressorList=[], uuidRepresentation=JAVA_LEGACY, serverApi=null, autoEncryptionSettings=null, dnsClient=null, inetAddressResolver=null, contextProvider=null}
2024-11-14T21:21:15.596+09:00  INFO 20625 --- [localhost:27017] org.mongodb.driver.cluster               : Monitor thread successfully connected to server with description ServerDescription{address=localhost:27017, type=STANDALONE, state=CONNECTED, ok=true, minWireVersion=0, maxWireVersion=25, maxDocumentSize=16777216, logicalSessionTimeoutMinutes=30, roundTripTimeNanos=8147542}
2024-11-14T21:21:15.597+09:00 DEBUG 20625 --- [localhost:27017] org.mongodb.driver.connection            : Connection pool ready for localhost:27017
2024-11-14T21:21:15.597+09:00 DEBUG 20625 --- [localhost:27017] org.mongodb.driver.cluster               : Updating cluster description to  {type=STANDALONE, servers=[{address=localhost:27017, type=STANDALONE, roundTripTime=8.1 ms, state=CONNECTED}]
2024-11-14T21:21:15.598+09:00 DEBUG 20625 --- [localhost:27017] org.mongodb.driver.cluster               : Checking status of localhost:27017
2024-11-14T21:21:15.801+09:00  WARN 20625 --- [    Test worker] JpaBaseConfiguration$JpaWebConfiguration : spring.jpa.open-in-view is enabled by default. Therefore, database queries may be performed during view rendering. Explicitly configure spring.jpa.open-in-view to disable this warning
2024-11-14T21:21:15.814+09:00  INFO 20625 --- [    Test worker] r$InitializeUserDetailsManagerConfigurer : Global AuthenticationManager configured with UserDetailsService bean with name jwtUserDetailsService
2024-11-14T21:21:16.541+09:00  INFO 20625 --- [    Test worker] o.s.m.s.b.SimpleBrokerMessageHandler     : Starting...
2024-11-14T21:21:16.542+09:00  INFO 20625 --- [    Test worker] o.s.m.s.b.SimpleBrokerMessageHandler     : BrokerAvailabilityEvent[available=true, SimpleBrokerMessageHandler [org.springframework.messaging.simp.broker.DefaultSubscriptionRegistry@63100783]]
2024-11-14T21:21:16.542+09:00  INFO 20625 --- [    Test worker] o.s.m.s.b.SimpleBrokerMessageHandler     : Started.
2024-11-14T21:21:16.553+09:00  INFO 20625 --- [    Test worker] d.y.a.AuthTempleteApplicationTests       : Started AuthTempleteApplicationTests in 2.515 seconds (process running for 2.982)
]]></system-out>
  <system-err><![CDATA[]]></system-err>
</testsuite>
