<?xml version="1.0" encoding="UTF-8"?>
<testsuite name="dev.yeseong0412.authtemplate.AuthTempleteApplicationTests" tests="1" skipped="0" failures="0" errors="0" timestamp="2024-11-11T10:54:01" hostname="dgsw71ui-MacBookAir.local" time="0.266">
  <properties/>
  <testcase name="contextLoads()" classname="dev.yeseong0412.authtemplate.AuthTempleteApplicationTests" time="0.266"/>
  <system-out><![CDATA[19:53:59.104 [Test worker] INFO org.springframework.test.context.support.AnnotationConfigContextLoaderUtils -- Could not detect default configuration classes for test class [dev.yeseong0412.authtemplate.AuthTempleteApplicationTests]: AuthTempleteApplicationTests does not declare any static, non-private, non-final, nested classes annotated with @Configuration.
19:53:59.147 [Test worker] INFO org.springframework.boot.test.context.SpringBootTestContextBootstrapper -- Found @SpringBootConfiguration dev.yeseong0412.authtemplate.AuthTemplateApplication for test class dev.yeseong0412.authtemplate.AuthTempleteApplicationTests

  .   ____          _            __ _ _
 /\\ / ___'_ __ _ _(_)_ __  __ _ \ \ \ \
( ( )\___ | '_ | '_| | '_ \/ _` | \ \ \ \
 \\/  ___)| |_)| | | | | || (_| |  ) ) ) )
  '  |____| .__|_| |_|_| |_\__, | / / / /
 =========|_|==============|___/=/_/_/_/

 :: Spring Boot ::                (v3.3.1)

2024-11-11T19:53:59.296+09:00  INFO 9164 --- [    Test worker] d.y.a.AuthTempleteApplicationTests       : Starting AuthTempleteApplicationTests using Java 17.0.12 with PID 9164 (started by dgsw71 in /Users/dgsw71/Documents/GitHub/Oviraptor-Server)
2024-11-11T19:53:59.296+09:00  INFO 9164 --- [    Test worker] d.y.a.AuthTempleteApplicationTests       : No active profile set, falling back to 1 default profile: "default"
2024-11-11T19:53:59.661+09:00  INFO 9164 --- [    Test worker] .s.d.r.c.RepositoryConfigurationDelegate : Multiple Spring Data modules found, entering strict repository configuration mode
2024-11-11T19:53:59.662+09:00  INFO 9164 --- [    Test worker] .s.d.r.c.RepositoryConfigurationDelegate : Bootstrapping Spring Data JPA repositories in DEFAULT mode.
2024-11-11T19:53:59.678+09:00  INFO 9164 --- [    Test worker] .RepositoryConfigurationExtensionSupport : Spring Data JPA - Could not safely identify store assignment for repository candidate interface dev.yeseong0412.authtemplate.domain.chat.domain.repository.ChatMessageRepository; If you want this repository to be a JPA repository, consider annotating your entities with one of these annotations: jakarta.persistence.Entity, jakarta.persistence.MappedSuperclass (preferred), or consider extending one of the following types with your repository: org.springframework.data.jpa.repository.JpaRepository
2024-11-11T19:53:59.688+09:00  INFO 9164 --- [    Test worker] .s.d.r.c.RepositoryConfigurationDelegate : Finished Spring Data repository scanning in 23 ms. Found 2 JPA repository interfaces.
2024-11-11T19:53:59.702+09:00  INFO 9164 --- [    Test worker] .s.d.r.c.RepositoryConfigurationDelegate : Multiple Spring Data modules found, entering strict repository configuration mode
2024-11-11T19:53:59.702+09:00  INFO 9164 --- [    Test worker] .s.d.r.c.RepositoryConfigurationDelegate : Bootstrapping Spring Data MongoDB repositories in DEFAULT mode.
2024-11-11T19:53:59.705+09:00  INFO 9164 --- [    Test worker] .RepositoryConfigurationExtensionSupport : Spring Data MongoDB - Could not safely identify store assignment for repository candidate interface dev.yeseong0412.authtemplate.domain.chat.domain.repository.ChatRoomRepository; If you want this repository to be a MongoDB repository, consider annotating your entities with one of these annotations: org.springframework.data.mongodb.core.mapping.Document (preferred), or consider extending one of the following types with your repository: org.springframework.data.mongodb.repository.MongoRepository
2024-11-11T19:53:59.706+09:00  INFO 9164 --- [    Test worker] .RepositoryConfigurationExtensionSupport : Spring Data MongoDB - Could not safely identify store assignment for repository candidate interface dev.yeseong0412.authtemplate.domain.user.domain.repository.UserRepository; If you want this repository to be a MongoDB repository, consider annotating your entities with one of these annotations: org.springframework.data.mongodb.core.mapping.Document (preferred), or consider extending one of the following types with your repository: org.springframework.data.mongodb.repository.MongoRepository
2024-11-11T19:53:59.708+09:00  INFO 9164 --- [    Test worker] .s.d.r.c.RepositoryConfigurationDelegate : Finished Spring Data repository scanning in 5 ms. Found 1 MongoDB repository interface.
2024-11-11T19:53:59.886+09:00  INFO 9164 --- [    Test worker] o.hibernate.jpa.internal.util.LogHelper  : HHH000204: Processing PersistenceUnitInfo [name: default]
2024-11-11T19:53:59.903+09:00  INFO 9164 --- [    Test worker] org.hibernate.Version                    : HHH000412: Hibernate ORM core version 6.5.2.Final
2024-11-11T19:53:59.914+09:00  INFO 9164 --- [    Test worker] o.h.c.internal.RegionFactoryInitiator    : HHH000026: Second-level cache disabled
2024-11-11T19:54:00.013+09:00  INFO 9164 --- [    Test worker] o.s.o.j.p.SpringPersistenceUnitInfo      : No LoadTimeWeaver setup: ignoring JPA class transformer
2024-11-11T19:54:00.022+09:00  INFO 9164 --- [    Test worker] com.zaxxer.hikari.HikariDataSource       : HikariPool-1 - Starting...
2024-11-11T19:54:00.167+09:00  INFO 9164 --- [    Test worker] com.zaxxer.hikari.pool.HikariPool        : HikariPool-1 - Added connection com.mysql.cj.jdbc.ConnectionImpl@5c316230
2024-11-11T19:54:00.167+09:00  INFO 9164 --- [    Test worker] com.zaxxer.hikari.HikariDataSource       : HikariPool-1 - Start completed.
2024-11-11T19:54:00.205+09:00 DEBUG 9164 --- [    Test worker] o.h.t.d.sql.spi.DdlTypeRegistry          : addDescriptor(12, org.hibernate.type.descriptor.sql.internal.CapacityDependentDdlType@16890f00) replaced previous registration(org.hibernate.type.descriptor.sql.internal.CapacityDependentDdlType@77e1dacd)
2024-11-11T19:54:00.205+09:00 DEBUG 9164 --- [    Test worker] o.h.t.d.sql.spi.DdlTypeRegistry          : addDescriptor(-9, org.hibernate.type.descriptor.sql.internal.CapacityDependentDdlType@690677de) replaced previous registration(org.hibernate.type.descriptor.sql.internal.CapacityDependentDdlType@1c5d376c)
2024-11-11T19:54:00.206+09:00 DEBUG 9164 --- [    Test worker] o.h.t.d.sql.spi.DdlTypeRegistry          : addDescriptor(-3, org.hibernate.type.descriptor.sql.internal.CapacityDependentDdlType@42f2cae8) replaced previous registration(org.hibernate.type.descriptor.sql.internal.CapacityDependentDdlType@3bbc47c9)
2024-11-11T19:54:00.206+09:00 DEBUG 9164 --- [    Test worker] o.h.t.d.sql.spi.DdlTypeRegistry          : addDescriptor(4003, org.hibernate.type.descriptor.sql.internal.DdlTypeImpl@615e7fe7) replaced previous registration(org.hibernate.type.descriptor.sql.internal.DdlTypeImpl@144dc2f7)
2024-11-11T19:54:00.206+09:00 DEBUG 9164 --- [    Test worker] o.h.t.d.sql.spi.DdlTypeRegistry          : addDescriptor(4001, org.hibernate.type.descriptor.sql.internal.DdlTypeImpl@403cff1c) replaced previous registration(org.hibernate.type.descriptor.sql.internal.DdlTypeImpl@19677add)
2024-11-11T19:54:00.206+09:00 DEBUG 9164 --- [    Test worker] o.h.t.d.sql.spi.DdlTypeRegistry          : addDescriptor(4002, org.hibernate.type.descriptor.sql.internal.DdlTypeImpl@b548f51) replaced previous registration(org.hibernate.type.descriptor.sql.internal.DdlTypeImpl@71f4aeb6)
2024-11-11T19:54:00.206+09:00 DEBUG 9164 --- [    Test worker] o.h.t.d.sql.spi.DdlTypeRegistry          : addDescriptor(2004, org.hibernate.type.descriptor.sql.internal.CapacityDependentDdlType@56976b8b) replaced previous registration(org.hibernate.type.descriptor.sql.internal.DdlTypeImpl@74844216)
2024-11-11T19:54:00.206+09:00 DEBUG 9164 --- [    Test worker] o.h.t.d.sql.spi.DdlTypeRegistry          : addDescriptor(2005, org.hibernate.type.descriptor.sql.internal.CapacityDependentDdlType@5b0575d0) replaced previous registration(org.hibernate.type.descriptor.sql.internal.DdlTypeImpl@fd0e118)
2024-11-11T19:54:00.206+09:00 DEBUG 9164 --- [    Test worker] o.h.t.d.sql.spi.DdlTypeRegistry          : addDescriptor(2011, org.hibernate.type.descriptor.sql.internal.CapacityDependentDdlType@62f6185a) replaced previous registration(org.hibernate.type.descriptor.sql.internal.DdlTypeImpl@34b462e0)
2024-11-11T19:54:00.499+09:00  INFO 9164 --- [    Test worker] o.h.e.t.j.p.i.JtaPlatformInitiator       : HHH000489: No JTA platform available (set 'hibernate.transaction.jta.platform' to enable JTA platform integration)
2024-11-11T19:54:00.551+09:00  INFO 9164 --- [    Test worker] j.LocalContainerEntityManagerFactoryBean : Initialized JPA EntityManagerFactory for persistence unit 'default'
2024-11-11T19:54:00.770+09:00  INFO 9164 --- [    Test worker] org.mongodb.driver.client                : MongoClient with metadata {"driver": {"name": "mongo-java-driver|sync|spring-boot", "version": "5.0.1"}, "os": {"type": "Darwin", "name": "Mac OS X", "architecture": "aarch64", "version": "15.0.1"}, "platform": "Java/Amazon.com Inc./17.0.12+7-LTS"} created with settings MongoClientSettings{readPreference=primary, writeConcern=WriteConcern{w=null, wTimeout=null ms, journal=null}, retryWrites=true, retryReads=true, readConcern=ReadConcern{level=null}, credential=null, transportSettings=null, commandListeners=[], codecRegistry=ProvidersCodecRegistry{codecProviders=[ValueCodecProvider{}, BsonValueCodecProvider{}, DBRefCodecProvider{}, DBObjectCodecProvider{}, DocumentCodecProvider{}, CollectionCodecProvider{}, IterableCodecProvider{}, MapCodecProvider{}, GeoJsonCodecProvider{}, GridFSFileCodecProvider{}, Jsr310CodecProvider{}, JsonObjectCodecProvider{}, BsonCodecProvider{}, EnumCodecProvider{}, com.mongodb.client.model.mql.ExpressionCodecProvider@d140627, com.mongodb.Jep395RecordCodecProvider@386ec37d, com.mongodb.KotlinCodecProvider@10007fdc]}, loggerSettings=LoggerSettings{maxDocumentLength=1000}, clusterSettings={hosts=[localhost:27017], srvServiceName=mongodb, mode=SINGLE, requiredClusterType=UNKNOWN, requiredReplicaSetName='null', serverSelector='null', clusterListeners='[]', serverSelectionTimeout='30000 ms', localThreshold='15 ms'}, socketSettings=SocketSettings{connectTimeoutMS=10000, readTimeoutMS=0, receiveBufferSize=0, proxySettings=ProxySettings{host=null, port=null, username=null, password=null}}, heartbeatSocketSettings=SocketSettings{connectTimeoutMS=10000, readTimeoutMS=10000, receiveBufferSize=0, proxySettings=ProxySettings{host=null, port=null, username=null, password=null}}, connectionPoolSettings=ConnectionPoolSettings{maxSize=100, minSize=0, maxWaitTimeMS=120000, maxConnectionLifeTimeMS=0, maxConnectionIdleTimeMS=0, maintenanceInitialDelayMS=0, maintenanceFrequencyMS=60000, connectionPoolListeners=[], maxConnecting=2}, serverSettings=ServerSettings{heartbeatFrequencyMS=10000, minHeartbeatFrequencyMS=500, serverListeners='[]', serverMonitorListeners='[]'}, sslSettings=SslSettings{enabled=false, invalidHostNameAllowed=false, context=null}, applicationName='null', compressorList=[], uuidRepresentation=JAVA_LEGACY, serverApi=null, autoEncryptionSettings=null, dnsClient=null, inetAddressResolver=null, contextProvider=null}
2024-11-11T19:54:00.776+09:00  INFO 9164 --- [localhost:27017] org.mongodb.driver.cluster               : Monitor thread successfully connected to server with description ServerDescription{address=localhost:27017, type=STANDALONE, state=CONNECTED, ok=true, minWireVersion=0, maxWireVersion=25, maxDocumentSize=16777216, logicalSessionTimeoutMinutes=30, roundTripTimeNanos=7289958}
2024-11-11T19:54:00.948+09:00  WARN 9164 --- [    Test worker] JpaBaseConfiguration$JpaWebConfiguration : spring.jpa.open-in-view is enabled by default. Therefore, database queries may be performed during view rendering. Explicitly configure spring.jpa.open-in-view to disable this warning
2024-11-11T19:54:00.957+09:00  INFO 9164 --- [    Test worker] r$InitializeUserDetailsManagerConfigurer : Global AuthenticationManager configured with UserDetailsService bean with name jwtUserDetailsService
2024-11-11T19:54:01.003+09:00  INFO 9164 --- [    Test worker] o.s.b.a.w.s.WelcomePageHandlerMapping    : Adding welcome page: class path resource [static/index.html]
2024-11-11T19:54:01.705+09:00  INFO 9164 --- [    Test worker] o.s.m.s.b.SimpleBrokerMessageHandler     : Starting...
2024-11-11T19:54:01.705+09:00  INFO 9164 --- [    Test worker] o.s.m.s.b.SimpleBrokerMessageHandler     : BrokerAvailabilityEvent[available=true, SimpleBrokerMessageHandler [org.springframework.messaging.simp.broker.DefaultSubscriptionRegistry@4c902a72]]
2024-11-11T19:54:01.705+09:00  INFO 9164 --- [    Test worker] o.s.m.s.b.SimpleBrokerMessageHandler     : Started.
2024-11-11T19:54:01.723+09:00  INFO 9164 --- [    Test worker] d.y.a.AuthTempleteApplicationTests       : Started AuthTempleteApplicationTests in 2.515 seconds (process running for 3.016)
]]></system-out>
  <system-err><![CDATA[]]></system-err>
</testsuite>
